<?xml version="1.0" encoding="UTF-8"?>
<!-- Generated by org.testng.reporters.JUnitXMLReporter -->
<testsuite hostname="SAIKIRANJRV" name="Test" tests="4" failures="0" timestamp="17 Mar 2023 06:27:46 GMT" time="8.465" errors="0">
  <testcase name="testCreateUser" time="5.75" classname="day8.CreateUser"/>
  <testcase name="testGetUser" time="0.9" classname="day8.GetUser"/>
  <testcase name="testUpdateUser" time="0.817" classname="day8.UpdateUser"/>
  <testcase name="testDeleteUser" time="0.969" classname="day8.DeleteUser"/>
</testsuite> <!-- Test -->
