<?xml version="1.0" encoding="UTF-8"?>
<!-- Generated by org.testng.reporters.JUnitXMLReporter -->
<testsuite hostname="SAIKIRANJRV" name="Test1" tests="4" failures="0" timestamp="18 Mar 2023 05:53:07 GMT" time="8.544" errors="0">
  <testcase name="testCreateUser" time="6.785" classname="day8.CreateUser"/>
  <testcase name="testGetUser" time="0.605" classname="day8.GetUser"/>
  <testcase name="testUpdateUser" time="0.628" classname="day8.UpdateUser"/>
  <testcase name="testDeleteUser" time="0.488" classname="day8.DeleteUser"/>
</testsuite> <!-- Test1 -->
